<?xml version="1.0" encoding="UTF-8"?>
<!-- Generated by org.testng.reporters.JUnitReportReporter -->
<testsuite hostname="Fatoouh" failures="0" tests="8" name="Tests.BooksAPIsTests" time="61.702" errors="0" timestamp="2023-09-08T18:25:43 EEST" skipped="0">
  <testcase classname="Tests.BooksAPIsTests" name="checkServiceAvailability" time="8.427"/>
  <system-out/>
  <testcase classname="Tests.BooksAPIsTests" name="testAuthApi" time="7.362"/>
  <system-out/>
  <testcase classname="Tests.BooksAPIsTests" name="testGETBooksApi" time="6.502"/>
  <system-out/>
  <testcase classname="Tests.BooksAPIsTests" name="testPOSTOrdersApi" time="4.970"/>
  <system-out/>
  <testcase classname="Tests.BooksAPIsTests" name="testGETBookApi" time="11.613"/>
  <system-out/>
  <testcase classname="Tests.BooksAPIsTests" name="testGETOrdersApi" time="1.393"/>
  <system-out/>
  <testcase classname="Tests.BooksAPIsTests" name="testPATCHOrdersApi" time="7.626"/>
  <system-out/>
  <testcase classname="Tests.BooksAPIsTests" name="testDELETEOrdersApi" time="13.809"/>
  <system-out/>
</testsuite> <!-- Tests.BooksAPIsTests -->
